<?xml version="1.0" encoding="UTF-8"?>
<!-- Generated by org.testng.reporters.JUnitXMLReporter -->
<testsuite ignored="0" hostname="LAPTOP-MOMFRD5S" failures="0" tests="4" name="ChromeTest" time="11.849" errors="0" timestamp="2022-07-16T23:50:09 IST">
  <testcase classname="TestPack.Test2" name="clickAccount" time="0.762"/>
  <testcase classname="TestPack.Test1" name="clickAccount" time="0.421"/>
  <testcase classname="TestPack.Test2" name="clickOpen" time="0.927"/>
  <testcase classname="TestPack.Test1" name="clickOpen" time="0.539"/>
</testsuite> <!-- ChromeTest -->
