<?xml version="1.0" encoding="UTF-8"?>
<!-- Generated by org.testng.reporters.JUnitXMLReporter -->
<testsuite ignored="0" hostname="LAPTOP-MOMFRD5S" failures="0" tests="4" name="FirefoxTest" time="17.794" errors="0" timestamp="2022-07-16T23:50:26 IST">
  <testcase classname="TestPack.Test1" name="clickAccount" time="0.47"/>
  <testcase classname="TestPack.Test2" name="clickAccount" time="0.758"/>
  <testcase classname="TestPack.Test1" name="clickOpen" time="0.61"/>
  <testcase classname="TestPack.Test2" name="clickOpen" time="0.592"/>
</testsuite> <!-- FirefoxTest -->
