<?xml version="1.0" encoding="UTF-8"?>
<!-- Generated by org.testng.reporters.JUnitXMLReporter -->
<testsuite ignored="0" hostname="LAPTOP-MOMFRD5S" failures="0" tests="4" name="Test" time="18.963" errors="0" timestamp="2022-07-15T23:49:03 IST">
  <testcase classname="TestPack.Test1" name="clickAccount" time="0.382"/>
  <testcase classname="TestPack.Test1" name="clickOpen" time="0.375"/>
  <testcase classname="TestPack.Test2" name="clickAccount" time="0.68"/>
  <testcase classname="TestPack.Test2" name="clickOpen" time="0.382"/>
</testsuite> <!-- Test -->
